2025-08-30 22:23:38 Loading main app package /usr/lib/obsidian/obsidian.asar
2025-08-30 22:23:38 Checking for update using Github
2025-08-30 22:23:38 Success.
2025-08-30 22:23:38 Latest version is 1.9.12
2025-08-30 22:23:38 Downloading update from https://github.com/obsidianmd/obsidian-releases/releases/download/v1.9.12/obsidian-1.9.12.asar.gz
2025-08-30 22:23:39 Verifying hash & signature. Size= 9033321
2025-08-30 22:23:39 Saving file
2025-08-30 22:23:40 Update complete.
2025-08-31 09:45:04 Loading updated app package /home/kilian/.config/obsidian/obsidian-1.9.12.asar
2025-08-31 09:45:04 Checking for update using Github
2025-08-31 09:45:04 Failed to check for update using Github (net::ERR_INTERNET_DISCONNECTED)
2025-08-31 09:45:04 Checking for update using obsidian.md
2025-08-31 09:45:04 Failed to check for update using obsidian.md (net::ERR_INTERNET_DISCONNECTED)
2025-08-31 09:47:52 Loading updated app package /home/kilian/.config/obsidian/obsidian-1.9.12.asar
2025-08-31 09:47:52 Checking for update using Github
2025-08-31 09:47:52 Failed to check for update using Github (net::ERR_INTERNET_DISCONNECTED)
2025-08-31 09:47:52 Checking for update using obsidian.md
2025-08-31 09:47:52 Failed to check for update using obsidian.md (net::ERR_INTERNET_DISCONNECTED)
2025-08-31 10:35:46 Loading updated app package /home/kilian/.config/obsidian/obsidian-1.9.12.asar
2025-08-31 10:35:46 Checking for update using Github
2025-08-31 10:35:46 Failed to check for update using Github (net::ERR_INTERNET_DISCONNECTED)
2025-08-31 10:35:46 Checking for update using obsidian.md
2025-08-31 10:35:46 Failed to check for update using obsidian.md (net::ERR_INTERNET_DISCONNECTED)
2025-09-01 19:18:36 Loading updated app package /home/kilian/.config/obsidian/obsidian-1.9.12.asar
2025-09-01 19:18:36 Checking for update using Github
2025-09-01 19:18:36 Failed to check for update using Github (net::ERR_INTERNET_DISCONNECTED)
2025-09-01 19:18:36 Checking for update using obsidian.md
2025-09-01 19:18:36 Failed to check for update using obsidian.md (net::ERR_INTERNET_DISCONNECTED)
2025-09-01 19:40:21 Loading updated app package /home/kilian/.config/obsidian/obsidian-1.9.12.asar
2025-09-01 19:40:21 Checking for update using Github
2025-09-01 19:40:21 Failed to check for update using Github (net::ERR_CERT_COMMON_NAME_INVALID)
2025-09-01 19:40:21 Checking for update using obsidian.md
2025-09-01 19:40:22 Failed to check for update using obsidian.md (net::ERR_CERT_COMMON_NAME_INVALID)
2025-09-01 19:45:10 Loading updated app package /home/kilian/.config/obsidian/obsidian-1.9.12.asar
2025-09-01 19:45:10 Checking for update using Github
2025-09-01 19:45:11 Success.
2025-09-01 19:45:11 Latest version is 1.9.12
2025-09-01 19:45:11 App is up to date.
2025-09-02 19:39:42 Loading updated app package /home/kilian/.config/obsidian/obsidian-1.9.12.asar
2025-09-02 19:39:42 Checking for update using Github
2025-09-02 19:39:42 Failed to check for update using Github (net::ERR_INTERNET_DISCONNECTED)
2025-09-02 19:39:42 Checking for update using obsidian.md
2025-09-02 19:39:42 Failed to check for update using obsidian.md (net::ERR_INTERNET_DISCONNECTED)
2025-09-06 09:25:40 Loading updated app package /home/kilian/.config/obsidian/obsidian-1.9.12.asar
2025-09-06 09:25:40 Checking for update using Github
2025-09-06 09:25:40 Failed to check for update using Github (net::ERR_INTERNET_DISCONNECTED)
2025-09-06 09:25:40 Checking for update using obsidian.md
2025-09-06 09:25:40 Failed to check for update using obsidian.md (net::ERR_INTERNET_DISCONNECTED)
2025-09-06 09:42:57 Loading updated app package /home/kilian/.config/obsidian/obsidian-1.9.12.asar
2025-09-06 09:42:57 Checking for update using Github
2025-09-06 09:42:57 Success.
2025-09-06 09:42:57 Latest version is 1.9.12
2025-09-06 09:42:57 App is up to date.
2025-09-30 11:52:39 Loading main app package /usr/lib/obsidian/obsidian.asar
2025-09-30 11:52:39 Checking for update using Github
2025-09-30 11:52:39 Failed to check for update using Github (net::ERR_INTERNET_DISCONNECTED)
2025-09-30 11:52:39 Checking for update using obsidian.md
2025-09-30 11:52:39 Failed to check for update using obsidian.md (net::ERR_INTERNET_DISCONNECTED)
2025-09-30 12:34:50 Loading main app package /usr/lib/obsidian/obsidian.asar
2025-09-30 12:34:50 Checking for update using Github
2025-09-30 12:34:51 Success.
2025-09-30 12:34:51 Latest version is 1.9.12
2025-09-30 12:34:51 App is up to date.
